2020-05-23T07:45:45+00:00 DEBUG 
====Stripe Version: 4.3.2====
====Start Log====
Keys are not set correctly.
====End Log====


2020-05-23T07:58:35+00:00 DEBUG 
====Stripe Version: 4.3.2====
====Start Log====
Keys are not set correctly.
====End Log====


2020-05-23T08:00:42+00:00 DEBUG 
====Stripe Version: 4.3.2====
====Start Log====
Keys are not set correctly.
====End Log====


2020-05-23T08:01:08+00:00 DEBUG 
====Stripe Version: 4.3.2====
====Start Log====
Keys are not set correctly.
====End Log====


2020-05-23T08:01:55+00:00 DEBUG 
====Stripe Version: 4.3.2====
====Start Log====
Error: Unable to verify domain - missing secret key.
====End Log====


2020-05-23T08:03:21+00:00 DEBUG 
====Stripe Version: 4.3.2====
====Start Log====
Keys are not set correctly.
====End Log====


2020-05-23T08:04:54+00:00 DEBUG 
====Stripe Version: 4.3.2====
====Start Log====
Keys are not set correctly.
====End Log====


2020-05-23T08:06:22+00:00 DEBUG 
====Stripe Version: 4.3.2====
====Start Log====
Error: Unable to verify domain - missing secret key.
====End Log====


2020-05-23T08:07:12+00:00 DEBUG 
====Stripe Version: 4.3.2====
====Start Log====
Keys are not set correctly.
====End Log====


2020-05-23T08:12:57+00:00 DEBUG 
====Stripe Version: 4.3.2====
====Start Log====
Keys are not set correctly.
====End Log====


2020-05-23T10:19:11+00:00 DEBUG 
====Stripe Version: 4.3.2====
====Start Log====
Error: Unable to verify domain - missing secret key.
====End Log====


